{
  "0 debug pnpm:scope": {
    "selected": 1
  },
  "1 debug pnpm:package-manifest": {
    "initial": {
      "name": "hruzeda.github.io",
      "version": "1.0.0",
      "private": true,
      "description": "Software Developer - Henrique Uzêda",
      "scripts": {
        "develop": "gatsby develop",
        "start": "gatsby develop",
        "build": "gatsby build",
        "serve": "gatsby serve",
        "clean": "gatsby clean",
        "typecheck": "tsc --noEmit",
        "deploy": "gatsby build && gh-pages -d public -b gh-pages"
      },
      "dependencies": {
        "@popperjs/core": "^2.x",
        "@types/node": "^17.x",
        "@types/react": "^17.",
        "@types/react-dom": "^17.x",
        "babel-eslint": "^10.x",
        "babel-plugin-styled-components": "^2.x",
        "bootstrap": "^5.x",
        "eslint": "^7.x",
        "eslint-config-airbnb": "^19.x",
        "eslint-config-prettier": "^8.x",
        "eslint-plugin-import": "^2.x",
        "eslint-plugin-jsx-a11y": "^6.x",
        "eslint-plugin-prettier": "^4.x",
        "eslint-plugin-react": "^7.x",
        "eslint-plugin-react-hooks": "^4.x",
        "gatsby": "^4.x",
        "gatsby-plugin-manifest": "^4.x",
        "gatsby-plugin-pnpm": "^1.x",
        "gatsby-plugin-react-helmet": "^5.x",
        "gatsby-plugin-sitemap": "^5.x",
        "gatsby-plugin-styled-components": "^5.x",
        "gh-pages": "^4.x",
        "graphql": "^16.x",
        "prettier": "^2.x",
        "react": "^17.x",
        "react-bootstrap": "^2.x",
        "react-is": "^16.x",
        "react-dom": "^17.x",
        "react-helmet": "^6.x",
        "sass": "^1.x",
        "styled-components": "^5.x",
        "typescript": "^4.x"
      },
      "pnpm": {
        "overrides": {
          "ansi-html@<0.0.8": ">=0.0.8",
          "node-fetch@<2.6.7": ">=2.6.7",
          "ws@>=7.0.0 <7.4.6": ">=7.4.6",
          "async@<2.6.4": ">=2.6.4",
          "cross-fetch@>=3.0.0 <3.1.5": ">=3.1.5"
        }
      }
    },
    "prefix": "/home/henrique/hruzeda.github.io"
  },
  "2 debug pnpm:context": {
    "currentLockfileExists": false,
    "storeDir": "/home/henrique/.local/share/pnpm/store/v3",
    "virtualStoreDir": "/home/henrique/hruzeda.github.io/node_modules/.pnpm"
  },
  "3 debug pnpm:stage": {
    "prefix": "/home/henrique/hruzeda.github.io",
    "stage": "resolution_started"
  },
  "4 error pnpm": {
    "code": "ERR_PNPM_SPEC_NOT_SUPPORTED_BY_ANY_RESOLVER",
    "pkgsStack": [],
    "err": {
      "name": "pnpm",
      "message": "@types/react@^17. isn't supported by any available resolver.",
      "code": "ERR_PNPM_SPEC_NOT_SUPPORTED_BY_ANY_RESOLVER",
      "stack": "pnpm: @types/react@^17. isn't supported by any available resolver.\n    at Object.resolve (/home/henrique/.nvm/versions/node/v16.15.0/lib/node_modules/pnpm/dist/pnpm.cjs:84818:17)\n    at async run (/home/henrique/.nvm/versions/node/v16.15.0/lib/node_modules/pnpm/dist/pnpm.cjs:91280:23)"
    }
  }
}